<?xml version="1.0" encoding="UTF-8"?>
<testsuite name="com.mindex.challenge.service.impl.CompensationServiceImplTest" tests="1" skipped="0" failures="0" errors="0" timestamp="2022-10-21T00:23:36" hostname="DESKTOP-AMCRI6S" time="0.241">
  <properties/>
  <testcase name="testCreateRead" classname="com.mindex.challenge.service.impl.CompensationServiceImplTest" time="0.241"/>
  <system-out><![CDATA[2022-10-20 20:23:35.234  INFO 18832 --- [    Test worker] .b.t.c.SpringBootTestContextBootstrapper : Neither @ContextConfiguration nor @ContextHierarchy found for test class [com.mindex.challenge.service.impl.CompensationServiceImplTest], using SpringBootContextLoader
2022-10-20 20:23:35.236  INFO 18832 --- [    Test worker] o.s.t.c.support.AbstractContextLoader    : Could not detect default resource locations for test class [com.mindex.challenge.service.impl.CompensationServiceImplTest]: no resource found for suffixes {-context.xml, Context.groovy}.
2022-10-20 20:23:35.236  INFO 18832 --- [    Test worker] t.c.s.AnnotationConfigContextLoaderUtils : Could not detect default configuration classes for test class [com.mindex.challenge.service.impl.CompensationServiceImplTest]: CompensationServiceImplTest does not declare any static, non-private, non-final, nested classes annotated with @Configuration.
2022-10-20 20:23:35.246  INFO 18832 --- [    Test worker] .b.t.c.SpringBootTestContextBootstrapper : Found @SpringBootConfiguration com.mindex.challenge.ChallengeApplication for test class com.mindex.challenge.service.impl.CompensationServiceImplTest
2022-10-20 20:23:35.247  INFO 18832 --- [    Test worker] .b.t.c.SpringBootTestContextBootstrapper : Loaded default TestExecutionListener class names from location [META-INF/spring.factories]: [org.springframework.boot.test.autoconfigure.restdocs.RestDocsTestExecutionListener, org.springframework.boot.test.autoconfigure.web.client.MockRestServiceServerResetTestExecutionListener, org.springframework.boot.test.autoconfigure.web.servlet.MockMvcPrintOnlyOnFailureTestExecutionListener, org.springframework.boot.test.autoconfigure.web.servlet.WebDriverTestExecutionListener, org.springframework.boot.test.mock.mockito.MockitoTestExecutionListener, org.springframework.boot.test.mock.mockito.ResetMocksTestExecutionListener, org.springframework.test.context.web.ServletTestExecutionListener, org.springframework.test.context.support.DirtiesContextBeforeModesTestExecutionListener, org.springframework.test.context.support.DependencyInjectionTestExecutionListener, org.springframework.test.context.support.DirtiesContextTestExecutionListener, org.springframework.test.context.transaction.TransactionalTestExecutionListener, org.springframework.test.context.jdbc.SqlScriptsTestExecutionListener, org.springframework.test.context.event.EventPublishingTestExecutionListener]
2022-10-20 20:23:35.248  INFO 18832 --- [    Test worker] .b.t.c.SpringBootTestContextBootstrapper : Using TestExecutionListeners: [org.springframework.test.context.web.ServletTestExecutionListener@3ac32509, org.springframework.test.context.support.DirtiesContextBeforeModesTestExecutionListener@13d23674, org.springframework.boot.test.mock.mockito.MockitoTestExecutionListener@7ebe639, org.springframework.boot.test.autoconfigure.SpringBootDependencyInjectionTestExecutionListener@550580b3, org.springframework.test.context.support.DirtiesContextTestExecutionListener@764d1c77, org.springframework.test.context.transaction.TransactionalTestExecutionListener@742ee55c, org.springframework.test.context.jdbc.SqlScriptsTestExecutionListener@2c2c1fce, org.springframework.test.context.event.EventPublishingTestExecutionListener@55d512e0, org.springframework.boot.test.autoconfigure.restdocs.RestDocsTestExecutionListener@4b651289, org.springframework.boot.test.autoconfigure.web.client.MockRestServiceServerResetTestExecutionListener@48621abc, org.springframework.boot.test.autoconfigure.web.servlet.MockMvcPrintOnlyOnFailureTestExecutionListener@47cae11, org.springframework.boot.test.autoconfigure.web.servlet.WebDriverTestExecutionListener@79c3ee6c, org.springframework.boot.test.mock.mockito.ResetMocksTestExecutionListener@1a514a87]

  .   ____          _            __ _ _
 /\\ / ___'_ __ _ _(_)_ __  __ _ \ \ \ \
( ( )\___ | '_ | '_| | '_ \/ _` | \ \ \ \
 \\/  ___)| |_)| | | | | || (_| |  ) ) ) )
  '  |____| .__|_| |_|_| |_\__, | / / / /
 =========|_|==============|___/=/_/_/_/
 :: Spring Boot ::        (v2.2.0.RELEASE)

2022-10-20 20:23:35.286  INFO 18832 --- [    Test worker] c.m.c.s.i.CompensationServiceImplTest    : Starting CompensationServiceImplTest on DESKTOP-AMCRI6S with PID 18832 (started by qwert in E:\closedsourcestuff\mindex\mindex-java-code-challenge)
2022-10-20 20:23:35.286 DEBUG 18832 --- [    Test worker] c.m.c.s.i.CompensationServiceImplTest    : Running with Spring Boot v2.2.0.RELEASE, Spring v5.2.0.RELEASE
2022-10-20 20:23:35.287  INFO 18832 --- [    Test worker] c.m.c.s.i.CompensationServiceImplTest    : No active profile set, falling back to default profiles: default
2022-10-20 20:23:35.425  INFO 18832 --- [    Test worker] .s.d.r.c.RepositoryConfigurationDelegate : Bootstrapping Spring Data repositories in DEFAULT mode.
2022-10-20 20:23:35.433  INFO 18832 --- [    Test worker] .s.d.r.c.RepositoryConfigurationDelegate : Finished Spring Data repository scanning in 7ms. Found 2 repository interfaces.
2022-10-20 20:23:35.715  INFO 18832 --- [    Test worker] o.s.b.w.embedded.tomcat.TomcatWebServer  : Tomcat initialized with port(s): 0 (http)
2022-10-20 20:23:35.726  INFO 18832 --- [    Test worker] o.apache.catalina.core.StandardService   : Starting service [Tomcat]
2022-10-20 20:23:35.726  INFO 18832 --- [    Test worker] org.apache.catalina.core.StandardEngine  : Starting Servlet engine: [Apache Tomcat/9.0.27]
2022-10-20 20:23:35.829  INFO 18832 --- [    Test worker] o.a.c.c.C.[Tomcat].[localhost].[/]       : Initializing Spring embedded WebApplicationContext
2022-10-20 20:23:35.829  INFO 18832 --- [    Test worker] o.s.web.context.ContextLoader            : Root WebApplicationContext: initialization completed in 538 ms
2022-10-20 20:23:35.995  INFO 18832 --- [    Test worker] de.bwaldvogel.mongo.MongoServer          : started MongoServer(port: 55920, ssl: false)
2022-10-20 20:23:35.997  INFO 18832 --- [    Test worker] org.mongodb.driver.cluster               : Cluster created with settings {hosts=[127.0.0.1:55920], mode=SINGLE, requiredClusterType=UNKNOWN, serverSelectionTimeout='30000 ms', maxWaitQueueSize=500}
2022-10-20 20:23:36.001  INFO 18832 --- [-server-worker1] d.b.mongo.wire.MongoWireProtocolHandler  : client [id: 0x57326441, L:/127.0.0.1:55920 - R:/127.0.0.1:55921] connected
2022-10-20 20:23:36.007  WARN 18832 --- [    Test worker] o.s.data.convert.CustomConversions       : Registering converter from class java.time.LocalDateTime to class java.time.Instant as reading converter although it doesn't convert from a store-supported type! You might wanna check you annotation setup at the converter implementation.
2022-10-20 20:23:36.007  WARN 18832 --- [    Test worker] o.s.data.convert.CustomConversions       : Registering converter from class java.time.Instant to class java.time.LocalDateTime as reading converter although it doesn't convert from a store-supported type! You might wanna check you annotation setup at the converter implementation.
2022-10-20 20:23:36.008  WARN 18832 --- [    Test worker] o.s.data.convert.CustomConversions       : Registering converter from class java.time.LocalDateTime to class java.time.Instant as reading converter although it doesn't convert from a store-supported type! You might wanna check you annotation setup at the converter implementation.
2022-10-20 20:23:36.009  WARN 18832 --- [    Test worker] o.s.data.convert.CustomConversions       : Registering converter from class java.time.Instant to class java.time.LocalDateTime as reading converter although it doesn't convert from a store-supported type! You might wanna check you annotation setup at the converter implementation.
2022-10-20 20:23:36.010  INFO 18832 --- [127.0.0.1:55920] org.mongodb.driver.connection            : Opened connection [connectionId{localValue:3}] to 127.0.0.1:55920
2022-10-20 20:23:36.012  INFO 18832 --- [127.0.0.1:55920] org.mongodb.driver.cluster               : Monitor thread successfully connected to server with description ServerDescription{address=127.0.0.1:55920, type=STANDALONE, state=CONNECTED, ok=true, version=ServerVersion{versionList=[3, 0, 0]}, minWireVersion=0, maxWireVersion=2, maxDocumentSize=16777216, logicalSessionTimeoutMinutes=null, roundTripTimeNanos=1523900}
2022-10-20 20:23:36.075  INFO 18832 --- [-server-worker2] d.b.mongo.wire.MongoWireProtocolHandler  : client [id: 0xd22e4946, L:/127.0.0.1:55920 - R:/127.0.0.1:55922] connected
2022-10-20 20:23:36.085  INFO 18832 --- [    Test worker] org.mongodb.driver.connection            : Opened connection [connectionId{localValue:4}] to 127.0.0.1:55920
2022-10-20 20:23:36.086  INFO 18832 --- [-server-worker2] d.b.mongo.backend.AbstractMongoBackend   : created database test
2022-10-20 20:23:36.086  INFO 18832 --- [-server-worker2] d.b.mongo.backend.AbstractMongoDatabase  : adding unique _id index for collection employee
2022-10-20 20:23:36.086  INFO 18832 --- [-server-worker2] d.b.mongo.backend.AbstractMongoDatabase  : created collection test.employee
2022-10-20 20:23:36.254  INFO 18832 --- [    Test worker] o.s.s.concurrent.ThreadPoolTaskExecutor  : Initializing ExecutorService 'applicationTaskExecutor'
2022-10-20 20:23:36.387  WARN 18832 --- [    Test worker] o.s.data.convert.CustomConversions       : Registering converter from class java.time.LocalDateTime to class java.time.Instant as reading converter although it doesn't convert from a store-supported type! You might wanna check you annotation setup at the converter implementation.
2022-10-20 20:23:36.387  WARN 18832 --- [    Test worker] o.s.data.convert.CustomConversions       : Registering converter from class java.time.Instant to class java.time.LocalDateTime as reading converter although it doesn't convert from a store-supported type! You might wanna check you annotation setup at the converter implementation.
2022-10-20 20:23:36.401  WARN 18832 --- [    Test worker] o.s.data.convert.CustomConversions       : Registering converter from class java.time.LocalDateTime to class java.time.Instant as reading converter although it doesn't convert from a store-supported type! You might wanna check you annotation setup at the converter implementation.
2022-10-20 20:23:36.402  WARN 18832 --- [    Test worker] o.s.data.convert.CustomConversions       : Registering converter from class java.time.Instant to class java.time.LocalDateTime as reading converter although it doesn't convert from a store-supported type! You might wanna check you annotation setup at the converter implementation.
2022-10-20 20:23:36.488  INFO 18832 --- [    Test worker] o.s.b.w.embedded.tomcat.TomcatWebServer  : Tomcat started on port(s): 55923 (http) with context path ''
2022-10-20 20:23:36.490  INFO 18832 --- [    Test worker] c.m.c.s.i.CompensationServiceImplTest    : Started CompensationServiceImplTest in 1.239 seconds (JVM running for 6.301)
2022-10-20 20:23:36.620  INFO 18832 --- [o-auto-1-exec-1] o.a.c.c.C.[Tomcat].[localhost].[/]       : Initializing Spring DispatcherServlet 'dispatcherServlet'
2022-10-20 20:23:36.620  INFO 18832 --- [o-auto-1-exec-1] o.s.web.servlet.DispatcherServlet        : Initializing Servlet 'dispatcherServlet'
2022-10-20 20:23:36.650  INFO 18832 --- [o-auto-1-exec-1] o.s.web.servlet.DispatcherServlet        : Completed initialization in 30 ms
2022-10-20 20:23:36.685 DEBUG 18832 --- [o-auto-1-exec-1] c.m.c.controller.CompensationController  : Received compensation create request for [null]
2022-10-20 20:23:36.685 DEBUG 18832 --- [o-auto-1-exec-1] c.m.c.service.impl.EmployeeServiceImpl   : Creating employee [com.mindex.challenge.data.Employee@66ada129]
2022-10-20 20:23:36.690 DEBUG 18832 --- [o-auto-1-exec-1] c.m.c.s.impl.CompensationServiceImpl     : Creating compensation [com.mindex.challenge.data.Compensation@34fa7803]
2022-10-20 20:23:36.696  INFO 18832 --- [-server-worker2] d.b.mongo.backend.AbstractMongoDatabase  : adding unique _id index for collection compensation
2022-10-20 20:23:36.696  INFO 18832 --- [-server-worker2] d.b.mongo.backend.AbstractMongoDatabase  : created collection test.compensation
2022-10-20 20:23:36.718 DEBUG 18832 --- [o-auto-1-exec-2] c.m.c.controller.CompensationController  : Received employee compensation request for id [5ac37c25-9619-4f2c-83b9-6b7325ca7944]
2022-10-20 20:23:36.718 DEBUG 18832 --- [o-auto-1-exec-2] c.m.c.s.impl.CompensationServiceImpl     : Finding employee with id [5ac37c25-9619-4f2c-83b9-6b7325ca7944]
]]></system-out>
  <system-err><![CDATA[]]></system-err>
</testsuite>
