<?xml version="1.0" encoding="UTF-8"?>
<testsuite name="com.mindex.challenge.service.impl.ReportingStructureServiceImplTest" tests="1" skipped="0" failures="0" errors="0" timestamp="2022-10-21T00:23:36" hostname="DESKTOP-AMCRI6S" time="5.392">
  <properties/>
  <testcase name="testRead" classname="com.mindex.challenge.service.impl.ReportingStructureServiceImplTest" time="5.392"/>
  <system-out><![CDATA[2022-10-20 20:23:36.792  INFO 18832 --- [    Test worker] .b.t.c.SpringBootTestContextBootstrapper : Neither @ContextConfiguration nor @ContextHierarchy found for test class [com.mindex.challenge.service.impl.ReportingStructureServiceImplTest], using SpringBootContextLoader
2022-10-20 20:23:36.792  INFO 18832 --- [    Test worker] o.s.t.c.support.AbstractContextLoader    : Could not detect default resource locations for test class [com.mindex.challenge.service.impl.ReportingStructureServiceImplTest]: no resource found for suffixes {-context.xml, Context.groovy}.
2022-10-20 20:23:36.793  INFO 18832 --- [    Test worker] t.c.s.AnnotationConfigContextLoaderUtils : Could not detect default configuration classes for test class [com.mindex.challenge.service.impl.ReportingStructureServiceImplTest]: ReportingStructureServiceImplTest does not declare any static, non-private, non-final, nested classes annotated with @Configuration.
2022-10-20 20:23:36.795  INFO 18832 --- [    Test worker] .b.t.c.SpringBootTestContextBootstrapper : Found @SpringBootConfiguration com.mindex.challenge.ChallengeApplication for test class com.mindex.challenge.service.impl.ReportingStructureServiceImplTest
2022-10-20 20:23:36.797  INFO 18832 --- [    Test worker] .b.t.c.SpringBootTestContextBootstrapper : Loaded default TestExecutionListener class names from location [META-INF/spring.factories]: [org.springframework.boot.test.autoconfigure.restdocs.RestDocsTestExecutionListener, org.springframework.boot.test.autoconfigure.web.client.MockRestServiceServerResetTestExecutionListener, org.springframework.boot.test.autoconfigure.web.servlet.MockMvcPrintOnlyOnFailureTestExecutionListener, org.springframework.boot.test.autoconfigure.web.servlet.WebDriverTestExecutionListener, org.springframework.boot.test.mock.mockito.MockitoTestExecutionListener, org.springframework.boot.test.mock.mockito.ResetMocksTestExecutionListener, org.springframework.test.context.web.ServletTestExecutionListener, org.springframework.test.context.support.DirtiesContextBeforeModesTestExecutionListener, org.springframework.test.context.support.DependencyInjectionTestExecutionListener, org.springframework.test.context.support.DirtiesContextTestExecutionListener, org.springframework.test.context.transaction.TransactionalTestExecutionListener, org.springframework.test.context.jdbc.SqlScriptsTestExecutionListener, org.springframework.test.context.event.EventPublishingTestExecutionListener]
2022-10-20 20:23:36.797  INFO 18832 --- [    Test worker] .b.t.c.SpringBootTestContextBootstrapper : Using TestExecutionListeners: [org.springframework.test.context.web.ServletTestExecutionListener@1a53b896, org.springframework.test.context.support.DirtiesContextBeforeModesTestExecutionListener@6c7a251e, org.springframework.boot.test.mock.mockito.MockitoTestExecutionListener@4644cee6, org.springframework.boot.test.autoconfigure.SpringBootDependencyInjectionTestExecutionListener@634a5284, org.springframework.test.context.support.DirtiesContextTestExecutionListener@64dad173, org.springframework.test.context.transaction.TransactionalTestExecutionListener@59b54a23, org.springframework.test.context.jdbc.SqlScriptsTestExecutionListener@39669c0d, org.springframework.test.context.event.EventPublishingTestExecutionListener@80937d7, org.springframework.boot.test.autoconfigure.restdocs.RestDocsTestExecutionListener@3a6a3eec, org.springframework.boot.test.autoconfigure.web.client.MockRestServiceServerResetTestExecutionListener@49fd9fd0, org.springframework.boot.test.autoconfigure.web.servlet.MockMvcPrintOnlyOnFailureTestExecutionListener@4476f416, org.springframework.boot.test.autoconfigure.web.servlet.WebDriverTestExecutionListener@500d4c0, org.springframework.boot.test.mock.mockito.ResetMocksTestExecutionListener@6e7617d2]
2022-10-20 20:23:36.806 DEBUG 18832 --- [o-auto-1-exec-6] c.m.c.controller.EmployeeController      : Received employee create request for [com.mindex.challenge.data.Employee@48a9f572]
2022-10-20 20:23:36.806 DEBUG 18832 --- [o-auto-1-exec-6] c.m.c.service.impl.EmployeeServiceImpl   : Creating employee [com.mindex.challenge.data.Employee@48a9f572]
2022-10-20 20:23:36.816 DEBUG 18832 --- [o-auto-1-exec-7] c.m.c.controller.EmployeeController      : Received employee create request for [com.mindex.challenge.data.Employee@7bd50746]
2022-10-20 20:23:36.816 DEBUG 18832 --- [o-auto-1-exec-7] c.m.c.service.impl.EmployeeServiceImpl   : Creating employee [com.mindex.challenge.data.Employee@7bd50746]
2022-10-20 20:23:36.825 DEBUG 18832 --- [o-auto-1-exec-8] c.m.c.controller.EmployeeController      : Received employee create request for [com.mindex.challenge.data.Employee@2517ffa0]
2022-10-20 20:23:36.826 DEBUG 18832 --- [o-auto-1-exec-8] c.m.c.service.impl.EmployeeServiceImpl   : Creating employee [com.mindex.challenge.data.Employee@2517ffa0]
2022-10-20 20:23:36.832 DEBUG 18832 --- [o-auto-1-exec-9] c.m.c.controller.EmployeeController      : Received employee read request for id [526b776c-9773-4db7-88da-49b33d7fe6be]
2022-10-20 20:23:36.832 DEBUG 18832 --- [o-auto-1-exec-9] c.m.c.service.impl.EmployeeServiceImpl   : Creating employee with id [526b776c-9773-4db7-88da-49b33d7fe6be]
2022-10-20 20:23:42.186 DEBUG 18832 --- [o-auto-1-exec-1] c.m.challenge.data.ReportingStructure    : Received employee create request for id [526b776c-9773-4db7-88da-49b33d7fe6be]
2022-10-20 20:23:42.186 DEBUG 18832 --- [o-auto-1-exec-1] c.m.c.s.i.ReportingStructureServiceImpl  : finding ReportingStructure with id [526b776c-9773-4db7-88da-49b33d7fe6be]
]]></system-out>
  <system-err><![CDATA[]]></system-err>
</testsuite>
