<?xml version="1.0" encoding="UTF-8"?>
<testsuite name="com.mindex.challenge.DataBootstrapTest" tests="1" skipped="0" failures="0" errors="0" timestamp="2022-10-21T00:23:35" hostname="DESKTOP-AMCRI6S" time="0.058">
  <properties/>
  <testcase name="test" classname="com.mindex.challenge.DataBootstrapTest" time="0.058"/>
  <system-out><![CDATA[2022-10-20 20:23:35.159  INFO 18832 --- [    Test worker] .b.t.c.SpringBootTestContextBootstrapper : Neither @ContextConfiguration nor @ContextHierarchy found for test class [com.mindex.challenge.DataBootstrapTest], using SpringBootContextLoader
2022-10-20 20:23:35.161  INFO 18832 --- [    Test worker] o.s.t.c.support.AbstractContextLoader    : Could not detect default resource locations for test class [com.mindex.challenge.DataBootstrapTest]: no resource found for suffixes {-context.xml, Context.groovy}.
2022-10-20 20:23:35.161  INFO 18832 --- [    Test worker] t.c.s.AnnotationConfigContextLoaderUtils : Could not detect default configuration classes for test class [com.mindex.challenge.DataBootstrapTest]: DataBootstrapTest does not declare any static, non-private, non-final, nested classes annotated with @Configuration.
2022-10-20 20:23:35.163  INFO 18832 --- [    Test worker] .b.t.c.SpringBootTestContextBootstrapper : Found @SpringBootConfiguration com.mindex.challenge.ChallengeApplication for test class com.mindex.challenge.DataBootstrapTest
2022-10-20 20:23:35.166  INFO 18832 --- [    Test worker] .b.t.c.SpringBootTestContextBootstrapper : Loaded default TestExecutionListener class names from location [META-INF/spring.factories]: [org.springframework.boot.test.autoconfigure.restdocs.RestDocsTestExecutionListener, org.springframework.boot.test.autoconfigure.web.client.MockRestServiceServerResetTestExecutionListener, org.springframework.boot.test.autoconfigure.web.servlet.MockMvcPrintOnlyOnFailureTestExecutionListener, org.springframework.boot.test.autoconfigure.web.servlet.WebDriverTestExecutionListener, org.springframework.boot.test.mock.mockito.MockitoTestExecutionListener, org.springframework.boot.test.mock.mockito.ResetMocksTestExecutionListener, org.springframework.test.context.web.ServletTestExecutionListener, org.springframework.test.context.support.DirtiesContextBeforeModesTestExecutionListener, org.springframework.test.context.support.DependencyInjectionTestExecutionListener, org.springframework.test.context.support.DirtiesContextTestExecutionListener, org.springframework.test.context.transaction.TransactionalTestExecutionListener, org.springframework.test.context.jdbc.SqlScriptsTestExecutionListener, org.springframework.test.context.event.EventPublishingTestExecutionListener]
2022-10-20 20:23:35.167  INFO 18832 --- [    Test worker] .b.t.c.SpringBootTestContextBootstrapper : Using TestExecutionListeners: [org.springframework.test.context.web.ServletTestExecutionListener@6a5584d1, org.springframework.test.context.support.DirtiesContextBeforeModesTestExecutionListener@72d9ea2, org.springframework.boot.test.mock.mockito.MockitoTestExecutionListener@226ab28f, org.springframework.boot.test.autoconfigure.SpringBootDependencyInjectionTestExecutionListener@3258c575, org.springframework.test.context.support.DirtiesContextTestExecutionListener@746dace3, org.springframework.test.context.transaction.TransactionalTestExecutionListener@1fdee442, org.springframework.test.context.jdbc.SqlScriptsTestExecutionListener@6857c3fc, org.springframework.test.context.event.EventPublishingTestExecutionListener@1c50c0ee, org.springframework.boot.test.autoconfigure.restdocs.RestDocsTestExecutionListener@5c36d33, org.springframework.boot.test.autoconfigure.web.client.MockRestServiceServerResetTestExecutionListener@6d57653d, org.springframework.boot.test.autoconfigure.web.servlet.MockMvcPrintOnlyOnFailureTestExecutionListener@3b490348, org.springframework.boot.test.autoconfigure.web.servlet.WebDriverTestExecutionListener@2104e37f, org.springframework.boot.test.mock.mockito.ResetMocksTestExecutionListener@3fb0b899]
]]></system-out>
  <system-err><![CDATA[]]></system-err>
</testsuite>
