<?xml version="1.0" encoding="UTF-8"?>
<testsuite name="com.mindex.challenge.service.impl.EmployeeServiceImplTest" tests="1" skipped="0" failures="0" errors="0" timestamp="2022-10-21T00:23:36" hostname="DESKTOP-AMCRI6S" time="0.036">
  <properties/>
  <testcase name="testCreateReadUpdate" classname="com.mindex.challenge.service.impl.EmployeeServiceImplTest" time="0.036"/>
  <system-out><![CDATA[2022-10-20 20:23:36.738  INFO 18832 --- [    Test worker] .b.t.c.SpringBootTestContextBootstrapper : Neither @ContextConfiguration nor @ContextHierarchy found for test class [com.mindex.challenge.service.impl.EmployeeServiceImplTest], using SpringBootContextLoader
2022-10-20 20:23:36.739  INFO 18832 --- [    Test worker] o.s.t.c.support.AbstractContextLoader    : Could not detect default resource locations for test class [com.mindex.challenge.service.impl.EmployeeServiceImplTest]: no resource found for suffixes {-context.xml, Context.groovy}.
2022-10-20 20:23:36.739  INFO 18832 --- [    Test worker] t.c.s.AnnotationConfigContextLoaderUtils : Could not detect default configuration classes for test class [com.mindex.challenge.service.impl.EmployeeServiceImplTest]: EmployeeServiceImplTest does not declare any static, non-private, non-final, nested classes annotated with @Configuration.
2022-10-20 20:23:36.742  INFO 18832 --- [    Test worker] .b.t.c.SpringBootTestContextBootstrapper : Found @SpringBootConfiguration com.mindex.challenge.ChallengeApplication for test class com.mindex.challenge.service.impl.EmployeeServiceImplTest
2022-10-20 20:23:36.744  INFO 18832 --- [    Test worker] .b.t.c.SpringBootTestContextBootstrapper : Loaded default TestExecutionListener class names from location [META-INF/spring.factories]: [org.springframework.boot.test.autoconfigure.restdocs.RestDocsTestExecutionListener, org.springframework.boot.test.autoconfigure.web.client.MockRestServiceServerResetTestExecutionListener, org.springframework.boot.test.autoconfigure.web.servlet.MockMvcPrintOnlyOnFailureTestExecutionListener, org.springframework.boot.test.autoconfigure.web.servlet.WebDriverTestExecutionListener, org.springframework.boot.test.mock.mockito.MockitoTestExecutionListener, org.springframework.boot.test.mock.mockito.ResetMocksTestExecutionListener, org.springframework.test.context.web.ServletTestExecutionListener, org.springframework.test.context.support.DirtiesContextBeforeModesTestExecutionListener, org.springframework.test.context.support.DependencyInjectionTestExecutionListener, org.springframework.test.context.support.DirtiesContextTestExecutionListener, org.springframework.test.context.transaction.TransactionalTestExecutionListener, org.springframework.test.context.jdbc.SqlScriptsTestExecutionListener, org.springframework.test.context.event.EventPublishingTestExecutionListener]
2022-10-20 20:23:36.744  INFO 18832 --- [    Test worker] .b.t.c.SpringBootTestContextBootstrapper : Using TestExecutionListeners: [org.springframework.test.context.web.ServletTestExecutionListener@1e94908a, org.springframework.test.context.support.DirtiesContextBeforeModesTestExecutionListener@1c079204, org.springframework.boot.test.mock.mockito.MockitoTestExecutionListener@60bb4ad9, org.springframework.boot.test.autoconfigure.SpringBootDependencyInjectionTestExecutionListener@65abb74f, org.springframework.test.context.support.DirtiesContextTestExecutionListener@5f817bb0, org.springframework.test.context.transaction.TransactionalTestExecutionListener@7f3645f6, org.springframework.test.context.jdbc.SqlScriptsTestExecutionListener@45e1354b, org.springframework.test.context.event.EventPublishingTestExecutionListener@7d48f377, org.springframework.boot.test.autoconfigure.restdocs.RestDocsTestExecutionListener@29c05b95, org.springframework.boot.test.autoconfigure.web.client.MockRestServiceServerResetTestExecutionListener@6494a2ae, org.springframework.boot.test.autoconfigure.web.servlet.MockMvcPrintOnlyOnFailureTestExecutionListener@2813981a, org.springframework.boot.test.autoconfigure.web.servlet.WebDriverTestExecutionListener@12fa0524, org.springframework.boot.test.mock.mockito.ResetMocksTestExecutionListener@394de81d]
2022-10-20 20:23:36.758 DEBUG 18832 --- [o-auto-1-exec-3] c.m.c.controller.EmployeeController      : Received employee create request for [com.mindex.challenge.data.Employee@50b1b14f]
2022-10-20 20:23:36.758 DEBUG 18832 --- [o-auto-1-exec-3] c.m.c.service.impl.EmployeeServiceImpl   : Creating employee [com.mindex.challenge.data.Employee@50b1b14f]
2022-10-20 20:23:36.767 DEBUG 18832 --- [o-auto-1-exec-4] c.m.c.controller.EmployeeController      : Received employee read request for id [75852c65-7762-42db-93a5-3258f5491497]
2022-10-20 20:23:36.767 DEBUG 18832 --- [o-auto-1-exec-4] c.m.c.service.impl.EmployeeServiceImpl   : Creating employee with id [75852c65-7762-42db-93a5-3258f5491497]
2022-10-20 20:23:36.778 DEBUG 18832 --- [o-auto-1-exec-5] c.m.c.controller.EmployeeController      : Received employee update request for id [75852c65-7762-42db-93a5-3258f5491497] and employee [com.mindex.challenge.data.Employee@533a55cb]
2022-10-20 20:23:36.778 DEBUG 18832 --- [o-auto-1-exec-5] c.m.c.service.impl.EmployeeServiceImpl   : Updating employee [com.mindex.challenge.data.Employee@533a55cb]
]]></system-out>
  <system-err><![CDATA[]]></system-err>
</testsuite>
